#
# There is insufficient memory for the Java Runtime Environment to continue.
# Native memory allocation (mmap) failed to map 266338304 bytes for G1 virtual space
# Possible reasons:
#   The system is out of physical RAM or swap space
#   The process is running with CompressedOops enabled, and the Java Heap may be blocking the growth of the native heap
# Possible solutions:
#   Reduce memory load on the system
#   Increase physical memory or swap space
#   Check if swap backing store is full
#   Decrease Java heap size (-Xmx/-Xms)
#   Decrease number of Java threads
#   Decrease Java thread stack sizes (-Xss)
#   Set larger code cache with -XX:ReservedCodeCacheSize=
#   JVM is running with Zero Based Compressed Oops mode in which the Java heap is
#     placed in the first 32GB address space. The Java Heap base address is the
#     maximum limit for the native heap growth. Please use -XX:HeapBaseMinAddress
#     to set the Java Heap base and to place the Java Heap above 32GB virtual address.
# This output file may be truncated or incomplete.
#
#  Out of Memory Error (os_windows.cpp:3613), pid=17980, tid=28260
#
# JRE version:  (17.0.9+9) (build )
# Java VM: OpenJDK 64-Bit Server VM (17.0.9+9, mixed mode, sharing, tiered, compressed oops, compressed class ptrs, g1 gc, windows-amd64)
# No core dump will be written. Minidumps are not enabled by default on client versions of Windows
#

---------------  S U M M A R Y ------------

Command Line: -Dfile.encoding=UTF-8 -Dstdout.encoding=UTF-8 -Dstderr.encoding=UTF-8 --module-path=C:\Users\lenovo\eclipse-workspace\Chat_app\bin -XX:+ShowCodeDetailsInExceptionMessages -Djdk.module.main=Chat_app Chat_app/view.login.LoginView

Host: Intel(R) Core(TM) i5-8350U CPU @ 1.70GHz, 8 cores, 15G,  Windows 10 , 64 bit Build 19041 (10.0.19041.3636)
Time: Sat May  4 18:57:17 2024 Maroc (heure d64 bit Build 19041 (10.0.19041.3636) elapsed time: 0.033764 seconds (0d 0h 0m 0s)

---------------  T H R E A D  ---------------

Current thread (0x0000025b6e815600):  JavaThread "Unknown thread" [_thread_in_vm, id=28260, stack(0x000000c02b100000,0x000000c02b200000)]

Stack: [0x000000c02b100000,0x000000c02b200000]
Native frames: (J=compiled Java code, j=interpreted, Vv=VM code, C=native code)
V  [jvm.dll+0x67cf49]
V  [jvm.dll+0x83478a]
V  [jvm.dll+0x83624e]
V  [jvm.dll+0x8368b3]
V  [jvm.dll+0x247f1f]
V  [jvm.dll+0x679d69]
V  [jvm.dll+0x66e6ba]
V  [jvm.dll+0x307e5b]
V  [jvm.dll+0x30f306]
V  [jvm.dll+0x35f0ce]
V  [jvm.dll+0x35f2ff]
V  [jvm.dll+0x2dea58]
V  [jvm.dll+0x2df9c4]
V  [jvm.dll+0x806031]
V  [jvm.dll+0x36cf31]
V  [jvm.dll+0x7e4aac]
V  [jvm.dll+0x3f07af]
V  [jvm.dll+0x3f23e1]
C  [jli.dll+0x528f]
C  [ucrtbase.dll+0x21bb2]
C  [KERNEL32.DLL+0x17344]
C  [ntdll.dll+0x526b1]


---------------  P R O C E S S  ---------------

Threads class SMR info:
_java_thread_list=0x00007ffdbd24ee98, length=0, elements={
}

Java Threads: ( => current thread )

Other Threads:
  0x0000025b6e8833e0 GCTaskThread "GC Thread#0" [stack: 0x000000c02b200000,0x000000c02b300000] [id=53896]
  0x0000025b6e893fc0 ConcurrentGCThread "G1 Main Marker" [stack: 0x000000c02b300000,0x000000c02b400000] [id=53404]
  0x0000025b6e895460 ConcurrentGCThread "G1 Conc#0" [stack: 0x000000c02b400000,0x000000c02b500000] [id=49992]

[error occurred during error reporting (printing all threads), id 0xc0000005, EXCEPTION_ACCESS_VIOLATION (0xc0000005) at pc=0x00007ffdbca0f497]

VM state: not at safepoint (not fully initialized)

VM Mutex/Monitor currently owned by a thread:  ([mutex/lock_event])
[0x0000025b6ceeb640] Heap_lock - owner thread: 0x0000025b6e815600

Heap address: 0x0000000702800000, size: 4056 MB, Compressed Oops mode: Zero based, Oop shift amount: 3

CDS archive(s) mapped at: [0x0000000000000000-0x0000000000000000-0x0000000000000000), size 0, SharedBaseAddress: 0x0000000800000000, ArchiveRelocationMode: 1.
Narrow klass base: 0x0000000000000000, Narrow klass shift: 0, Narrow klass range: 0x0

GC Precious Log:
<Empty>

Heap:
 garbage-first heap   total 0K, used 0K [0x0000000702800000, 0x0000000800000000)
  region size 2048K, 0 young (0K), 0 survivors (0K)

[error occurred during error reporting (printing heap information), id 0xc0000005, EXCEPTION_ACCESS_VIOLATION (0xc0000005) at pc=0x00007ffdbcdf6c79]

GC Heap History (0 events):
No events

Dll operation events (1 events):
Event: 0.020 Loaded shared library C:\Users\lenovo\.p2\pool\plugins\org.eclipse.justj.openjdk.hotspot.jre.full.win32.x86_64_17.0.9.v20231028-0858\jre\bin\java.dll

Deoptimization events (0 events):
No events

Classes unloaded (0 events):
No events

Classes redefined (0 events):
No events

Internal exceptions (0 events):
No events

VM Operations (0 events):
No events

Events (0 events):
No events


Dynamic libraries:
0x00007ff62dd20000 - 0x00007ff62dd2e000 	C:\Users\lenovo\.p2\pool\plugins\org.eclipse.justj.openjdk.hotspot.jre.full.win32.x86_64_17.0.9.v20231028-0858\jre\bin\javaw.exe
0x00007ffe013b0000 - 0x00007ffe015a8000 	C:\Windows\SYSTEM32\ntdll.dll
0x00007ffdff6c0000 - 0x00007ffdff77d000 	C:\Windows\System32\KERNEL32.DLL
0x00007ffdfed70000 - 0x00007ffdff066000 	C:\Windows\System32\KERNELBASE.dll
0x00007ffdff1d0000 - 0x00007ffdff2d0000 	C:\Windows\System32\ucrtbase.dll
0x00007ffdf9d40000 - 0x00007ffdf9d5b000 	C:\Users\lenovo\.p2\pool\plugins\org.eclipse.justj.openjdk.hotspot.jre.full.win32.x86_64_17.0.9.v20231028-0858\jre\bin\VCRUNTIME140.dll
0x00007ffdf9c80000 - 0x00007ffdf9c97000 	C:\Users\lenovo\.p2\pool\plugins\org.eclipse.justj.openjdk.hotspot.jre.full.win32.x86_64_17.0.9.v20231028-0858\jre\bin\jli.dll
0x00007ffdfff10000 - 0x00007ffe000ae000 	C:\Windows\System32\USER32.dll
0x00007ffdfeb20000 - 0x00007ffdfeb42000 	C:\Windows\System32\win32u.dll
0x00007ffe000b0000 - 0x00007ffe000db000 	C:\Windows\System32\GDI32.dll
0x00007ffdeb0e0000 - 0x00007ffdeb37a000 	C:\Windows\WinSxS\amd64_microsoft.windows.common-controls_6595b64144ccf1df_6.0.19041.3636_none_60b6a03d71f818d5\COMCTL32.dll
0x00007ffdfeb50000 - 0x00007ffdfec67000 	C:\Windows\System32\gdi32full.dll
0x00007ffe003b0000 - 0x00007ffe0044e000 	C:\Windows\System32\msvcrt.dll
0x00007ffdff2d0000 - 0x00007ffdff36d000 	C:\Windows\System32\msvcp_win.dll
0x00007ffe00650000 - 0x00007ffe00682000 	C:\Windows\System32\IMM32.DLL
0x0000000066320000 - 0x000000006632c000 	C:\Program Files (x86)\360\Total Security\safemon\SafeWrapper.dll
0x00007ffe00ee0000 - 0x00007ffe00f90000 	C:\Windows\System32\ADVAPI32.dll
0x00007ffdff3e0000 - 0x00007ffdff480000 	C:\Windows\System32\sechost.dll
0x00007ffe00470000 - 0x00007ffe00595000 	C:\Windows\System32\RPCRT4.dll
0x00007ffdfeaf0000 - 0x00007ffdfeb17000 	C:\Windows\System32\bcrypt.dll
0x00007ffdcc230000 - 0x00007ffdcc2c2000 	C:\Program Files (x86)\360\Total Security\safemon\libzdtp64.dll
0x00007ffe00770000 - 0x00007ffe00edb000 	C:\Windows\System32\SHELL32.dll
0x00007ffdff9d0000 - 0x00007ffdffa25000 	C:\Windows\System32\SHLWAPI.dll
0x00007ffdfe5e0000 - 0x00007ffdfe5ea000 	C:\Windows\SYSTEM32\VERSION.dll
0x00007ffdf9d30000 - 0x00007ffdf9d3c000 	C:\Users\lenovo\.p2\pool\plugins\org.eclipse.justj.openjdk.hotspot.jre.full.win32.x86_64_17.0.9.v20231028-0858\jre\bin\vcruntime140_1.dll
0x00007ffdd4800000 - 0x00007ffdd488d000 	C:\Users\lenovo\.p2\pool\plugins\org.eclipse.justj.openjdk.hotspot.jre.full.win32.x86_64_17.0.9.v20231028-0858\jre\bin\msvcp140.dll
0x00007ffdbc720000 - 0x00007ffdbd381000 	C:\Users\lenovo\.p2\pool\plugins\org.eclipse.justj.openjdk.hotspot.jre.full.win32.x86_64_17.0.9.v20231028-0858\jre\bin\server\jvm.dll
0x00007ffdfdf60000 - 0x00007ffdfdfab000 	C:\Windows\SYSTEM32\POWRPROF.dll
0x00007ffde7760000 - 0x00007ffde7769000 	C:\Windows\SYSTEM32\WSOCK32.dll
0x00007ffe001a0000 - 0x00007ffe0020b000 	C:\Windows\System32\WS2_32.dll
0x00007ffdeb0b0000 - 0x00007ffdeb0d7000 	C:\Windows\SYSTEM32\WINMM.dll
0x00007ffdfddc0000 - 0x00007ffdfddd2000 	C:\Windows\SYSTEM32\UMPDC.dll
0x00007ffdfd1f0000 - 0x00007ffdfd202000 	C:\Windows\SYSTEM32\kernel.appcore.dll
0x00007ffdfa580000 - 0x00007ffdfa58a000 	C:\Users\lenovo\.p2\pool\plugins\org.eclipse.justj.openjdk.hotspot.jre.full.win32.x86_64_17.0.9.v20231028-0858\jre\bin\jimage.dll
0x00007ffdfcfe0000 - 0x00007ffdfd1c4000 	C:\Windows\SYSTEM32\DBGHELP.DLL
0x00007ffde8480000 - 0x00007ffde84b4000 	C:\Windows\SYSTEM32\dbgcore.DLL
0x00007ffdfea60000 - 0x00007ffdfeae2000 	C:\Windows\System32\bcryptPrimitives.dll
0x00007ffdfa530000 - 0x00007ffdfa555000 	C:\Users\lenovo\.p2\pool\plugins\org.eclipse.justj.openjdk.hotspot.jre.full.win32.x86_64_17.0.9.v20231028-0858\jre\bin\java.dll

dbghelp: loaded successfully - version: 4.0.5 - missing functions: none
symbol engine: initialized successfully - sym options: 0x614 - pdb path: .;C:\Users\lenovo\.p2\pool\plugins\org.eclipse.justj.openjdk.hotspot.jre.full.win32.x86_64_17.0.9.v20231028-0858\jre\bin;C:\Windows\SYSTEM32;C:\Windows\WinSxS\amd64_microsoft.windows.common-controls_6595b64144ccf1df_6.0.19041.3636_none_60b6a03d71f818d5;C:\Program Files (x86)\360\Total Security\safemon;C:\Users\lenovo\.p2\pool\plugins\org.eclipse.justj.openjdk.hotspot.jre.full.win32.x86_64_17.0.9.v20231028-0858\jre\bin\server

VM Arguments:
jvm_args: -Dfile.encoding=UTF-8 -Dstdout.encoding=UTF-8 -Dstderr.encoding=UTF-8 --module-path=C:\Users\lenovo\eclipse-workspace\Chat_app\bin -XX:+ShowCodeDetailsInExceptionMessages -Djdk.module.main=Chat_app 
java_command: Chat_app/view.login.LoginView
java_class_path (initial): <not set>
Launcher Type: SUN_STANDARD

[Global flags]
     intx CICompilerCount                          = 4                                         {product} {ergonomic}
     uint ConcGCThreads                            = 2                                         {product} {ergonomic}
     uint G1ConcRefinementThreads                  = 8                                         {product} {ergonomic}
   size_t G1HeapRegionSize                         = 2097152                                   {product} {ergonomic}
    uintx GCDrainStackTargetSize                   = 64                                        {product} {ergonomic}
   size_t InitialHeapSize                          = 266338304                                 {product} {ergonomic}
   size_t MarkStackSize                            = 4194304                                   {product} {ergonomic}
   size_t MaxHeapSize                              = 4253024256                                {product} {ergonomic}
   size_t MinHeapDeltaBytes                        = 2097152                                   {product} {ergonomic}
   size_t MinHeapSize                              = 8388608                                   {product} {ergonomic}
    uintx NonNMethodCodeHeapSize                   = 5839372                                {pd product} {ergonomic}
    uintx NonProfiledCodeHeapSize                  = 122909434                              {pd product} {ergonomic}
    uintx ProfiledCodeHeapSize                     = 122909434                              {pd product} {ergonomic}
    uintx ReservedCodeCacheSize                    = 251658240                              {pd product} {ergonomic}
     bool SegmentedCodeCache                       = true                                      {product} {ergonomic}
     bool ShowCodeDetailsInExceptionMessages       = true                                   {manageable} {command line}
   size_t SoftMaxHeapSize                          = 4253024256                             {manageable} {ergonomic}
     bool UseCompressedClassPointers               = true                           {product lp64_product} {ergonomic}
     bool UseCompressedOops                        = true                           {product lp64_product} {ergonomic}
     bool UseG1GC                                  = true                                      {product} {ergonomic}
     bool UseLargePagesIndividualAllocation        = false                                  {pd product} {ergonomic}

Logging:
Log output configuration:
 #0: stdout all=warning uptime,level,tags
 #1: stderr all=off uptime,level,tags

Environment Variables:
PATH=C:/Users/lenovo/.p2/pool/plugins/org.eclipse.justj.openjdk.hotspot.jre.full.win32.x86_64_17.0.9.v20231028-0858/jre/bin/server;C:/Users/lenovo/.p2/pool/plugins/org.eclipse.justj.openjdk.hotspot.jre.full.win32.x86_64_17.0.9.v20231028-0858/jre/bin;D:\logiciels\sunrpcbinary\bin;C:\MinGW\bin;D:\vmware\bin\;C:\Users\lenovo\.cargo\bin;D:\programmes\php;C:\Program Files (x86)\Common Files\Oracle\Java\javapath;C:\Program Files (x86)\GnuWin32\bin;D:\ESTSBC\app\oracle\product\11.2.0\server\bin;C:\Windows\system32;C:\Windows;C:\Windows\System32\Wbem;C:\Windows\System32\WindowsPowerShell\v1.0\;C:\Windows\System32\OpenSSH\;C:\Program Files\Intel\WiFi\bin\;C:\Program Files\Common Files\Intel\WirelessCommon\;C:\Program Files\nodejs\;C:\Program Files\Git\cmd;C:\Program Files (x86)\Windows Kits\10\Windows Performance Toolkit\;C:\ProgramData\ComposerSetup\bin;C:\MinGW\bin;D:\logiciels\sunrpcbinary\bin;C:\Users\lenovo\AppData\Local\Programs\Microsoft VS Code\bin;D:\programmes\php;;C:\Windows\System32;
USERNAME=lenovo
OS=Windows_NT
PROCESSOR_IDENTIFIER=Intel64 Family 6 Model 142 Stepping 10, GenuineIntel
TMP=C:\Users\lenovo\AppData\Local\Temp
TEMP=C:\Users\lenovo\AppData\Local\Temp



Periodic native trim disabled


---------------  S Y S T E M  ---------------

OS:
 Windows 10 , 64 bit Build 19041 (10.0.19041.3636)
OS uptime: 38 days 6:29 hours
Hyper-V role detected

CPU: total 8 (initial active 8) (4 cores per cpu, 2 threads per core) family 6 model 142 stepping 10 microcode 0xf0, cx8, cmov, fxsr, ht, mmx, 3dnowpref, sse, sse2, sse3, ssse3, sse4.1, sse4.2, popcnt, lzcnt, tsc, tscinvbit, avx, avx2, aes, erms, clmul, bmi1, bmi2, rtm, adx, fma, vzeroupper, clflush, clflushopt, hv
Processor Information for all 8 processors :
  Max Mhz: 1896, Current Mhz: 1696, Mhz Limit: 1687

Memory: 4k page, system-wide physical 16222M (4392M free)
TotalPageFile size 27414M (AvailPageFile size 173M)
current process WorkingSet (physical memory assigned to process): 11M, peak: 11M
current process commit charge ("private bytes"): 60M, peak: 314M

vm_info: OpenJDK 64-Bit Server VM (17.0.9+9) for windows-amd64 JRE (17.0.9+9), built on Oct 26 2023 14:01:42 by "admin" with MS VC++ 16.10 / 16.11 (VS2019)

END.
